TN:
SF:01-requestcount.js
FN:13,countRequest
FNF:1
FNH:1
FNDA:12,countRequest
DA:1,1
DA:2,1
DA:3,1
DA:4,1
DA:5,1
DA:6,1
DA:7,1
DA:8,1
DA:9,1
DA:10,1
DA:11,1
DA:12,1
DA:13,12
DA:14,12
DA:15,12
DA:16,12
DA:17,12
DA:18,1
DA:19,1
DA:20,1
DA:21,1
DA:22,10
DA:23,1
DA:24,1
DA:25,1
DA:26,0
DA:27,1
DA:28,1
DA:29,1
DA:30,2
DA:31,1
DA:32,1
DA:33,1
DA:34,1
DA:35,1
DA:36,1
LF:36
LH:35
BRDA:13,0,0,12
BRDA:21,1,0,10
BRDA:29,2,0,2
BRF:3
BRH:3
end_of_record
TN:
SF:02-ratelimitter.js
FN:14,rateLimiter
FNF:1
FNH:1
FNDA:13,rateLimiter
DA:1,1
DA:2,1
DA:3,1
DA:4,1
DA:5,1
DA:6,1
DA:7,1
DA:8,1
DA:9,1
DA:10,2
DA:11,1
DA:12,1
DA:13,1
DA:14,13
DA:15,13
DA:16,13
DA:17,13
DA:18,13
DA:19,13
DA:20,13
DA:21,13
DA:22,13
DA:23,13
DA:24,13
DA:25,13
DA:26,13
DA:27,8
DA:28,8
DA:29,8
DA:30,8
DA:31,5
DA:32,5
DA:33,5
DA:34,5
DA:35,5
DA:36,1
DA:37,1
DA:38,1
DA:39,1
DA:40,5
DA:41,1
DA:42,1
DA:43,1
DA:44,0
DA:45,1
DA:46,1
DA:47,1
DA:48,1
DA:49,1
DA:50,1
DA:51,1
DA:52,1
DA:53,1
DA:54,1
DA:55,1
DA:56,1
DA:57,1
DA:58,1
DA:59,1
DA:60,1
DA:61,1
LF:61
LH:60
BRDA:9,0,0,2
BRDA:14,1,0,13
BRDA:22,2,0,2
BRDA:26,3,0,8
BRDA:30,4,0,5
BRDA:39,5,0,5
BRF:6
BRH:6
end_of_record
TN:
SF:03-errorcount.js
FNF:0
FNH:0
DA:1,1
DA:2,1
DA:3,1
DA:4,1
DA:5,1
DA:6,1
DA:7,1
DA:8,1
DA:9,1
DA:10,1
DA:11,1
DA:12,1
DA:13,1
DA:14,1
DA:15,1
DA:16,1
DA:17,1
DA:18,1
DA:19,11
DA:20,11
DA:21,11
DA:22,11
DA:23,11
DA:24,11
DA:25,11
DA:26,11
DA:27,11
DA:28,0
DA:29,1
DA:30,1
DA:31,1
DA:32,0
DA:33,1
DA:34,1
DA:35,1
DA:36,2
DA:37,1
DA:38,1
DA:39,11
DA:40,11
DA:41,11
DA:42,11
DA:43,1
DA:44,1
DA:45,1
DA:46,1
LF:46
LH:44
BRDA:18,0,0,11
BRDA:27,1,0,0
BRDA:35,2,0,2
BRDA:38,3,0,11
BRF:4
BRH:3
end_of_record
